<?xml version="1.0" encoding="UTF-8" standalone="no"?><testsuite errors="0" failures="3" name="Programme Data tab in SMT application for Country Admin user" skipped="0" tests="3" time="160.01" timestamp="2023-01-31 09:18:27"><testcase name="Verify user is able to add child survival intervention"><failure message="expected:&lt;[Albendazole_200mg]&gt; but was:&lt;[100]&gt;" type="java.lang.AssertionError">expected:&lt;[Albendazole_200mg]&gt; but was:&lt;[100]&gt;</failure><system-err>expected:&lt;[Albendazole_200mg]&gt; but was:&lt;[100]&gt;&#13;
pages.CountryAdmin.ProgrammeDataPage.validateEntryInChildSurvivalInterventionTable(ProgrammeDataPage.java:135)&#13;
stepdefinitions.CountryAdmin.ProgrammeDataDefinitions.child_survival_intervention_product_name_is_visible_in_child_survival_intervention_table_to_user(ProgrammeDataDefinitions.java:76)&#13;
✽.Child survival intervention product name "Albendazole_200mg" is visible in child survival intervention table to user(file:///C:/Users/Sandeepkumar.Phalke/eclipse-workspace/UNICEF_SerenityBDD_Automation_Framework/src/test/resources/features/CountryAdmin/ProgrammeData.feature:117)&#13;
</system-err></testcase><testcase name="Verify user is able to edit child survival intervention"><failure message="expected:&lt;[Albendazole_400mg]&gt; but was:&lt;[150]&gt;" type="java.lang.AssertionError">expected:&lt;[Albendazole_400mg]&gt; but was:&lt;[150]&gt;</failure><system-err>expected:&lt;[Albendazole_400mg]&gt; but was:&lt;[150]&gt;&#13;
pages.CountryAdmin.ProgrammeDataPage.validateEntryInChildSurvivalInterventionTable(ProgrammeDataPage.java:135)&#13;
stepdefinitions.CountryAdmin.ProgrammeDataDefinitions.child_survival_intervention_product_name_is_visible_in_child_survival_intervention_table_to_user(ProgrammeDataDefinitions.java:76)&#13;
✽.Child survival intervention product name "Albendazole_400mg" is visible in child survival intervention table to user(file:///C:/Users/Sandeepkumar.Phalke/eclipse-workspace/UNICEF_SerenityBDD_Automation_Framework/src/test/resources/features/CountryAdmin/ProgrammeData.feature:135)&#13;
</system-err></testcase><testcase name="Verify user is able to delete child survival intervention"><failure message="Expected enabled element was not enabled" type="net.thucydides.core.webdriver.exceptions.ElementShouldBeEnabledException">Expected enabled element was not enabled</failure><system-err>Expected enabled element was not enabled&#13;
pages.CommonPage.clickOnButton(CommonPage.java:71)&#13;
stepdefinitions.CommonDefinitions.user_click_on_button(CommonDefinitions.java:75)&#13;
io.cucumber.java.Invoker.doInvoke(Invoker.java:66)&#13;
io.cucumber.java.Invoker.invoke(Invoker.java:24)&#13;
io.cucumber.java.AbstractGlueDefinition.invokeMethod(AbstractGlueDefinition.java:47)&#13;
io.cucumber.java.JavaStepDefinition.execute(JavaStepDefinition.java:29)&#13;
io.cucumber.core.runner.CoreStepDefinition.execute(CoreStepDefinition.java:66)&#13;
io.cucumber.core.runner.PickleStepDefinitionMatch.runStep(PickleStepDefinitionMatch.java:63)&#13;
io.cucumber.core.runner.TestStep.executeStep(TestStep.java:85)&#13;
io.cucumber.core.runner.TestStep.run(TestStep.java:57)&#13;
io.cucumber.core.runner.PickleStepTestStep.run(PickleStepTestStep.java:51)&#13;
io.cucumber.core.runner.TestCase.run(TestCase.java:84)&#13;
io.cucumber.core.runner.Runner.runPickle(Runner.java:75)&#13;
io.cucumber.core.runtime.CucumberExecutionContext.lambda$runTestCase$5(CucumberExecutionContext.java:129)&#13;
io.cucumber.core.runtime.RethrowingThrowableCollector.executeAndThrow(RethrowingThrowableCollector.java:23)&#13;
io.cucumber.core.runtime.CucumberExecutionContext.runTestCase(CucumberExecutionContext.java:129)&#13;
io.cucumber.junit.FeatureRunner.runChild(FeatureRunner.java:144)&#13;
io.cucumber.junit.FeatureRunner.runChild(FeatureRunner.java:28)&#13;
io.cucumber.junit.FeatureRunner.run(FeatureRunner.java:137)&#13;
io.cucumber.junit.CucumberSerenityRunner.runChild(CucumberSerenityRunner.java:259)&#13;
io.cucumber.junit.CucumberSerenityRunner.runChild(CucumberSerenityRunner.java:59)&#13;
org.eclipse.jdt.internal.junit5.runner.JUnit5TestReference.run(JUnit5TestReference.java:98)&#13;
org.eclipse.jdt.internal.junit.runner.TestExecution.run(TestExecution.java:40)&#13;
org.eclipse.jdt.internal.junit.runner.RemoteTestRunner.runTests(RemoteTestRunner.java:529)&#13;
org.eclipse.jdt.internal.junit.runner.RemoteTestRunner.runTests(RemoteTestRunner.java:756)&#13;
org.eclipse.jdt.internal.junit.runner.RemoteTestRunner.run(RemoteTestRunner.java:452)&#13;
org.eclipse.jdt.internal.junit.runner.RemoteTestRunner.main(RemoteTestRunner.java:210)&#13;
</system-err></testcase></testsuite>